<?xml version="1.0" encoding="UTF-8"?>
<!-- Generated by org.testng.reporters.JUnitReportReporter -->
<testsuite hostname="DESKTOP-897KURA" failures="0" tests="1" name="com.visualstory.testcases.TC_LoginTest_001" time="9.981" errors="0" timestamp="2021-08-12T23:10:47 IST" skipped="0">
  <testcase classname="com.visualstory.testcases.TC_LoginTest_001" name="loginTest" time="9.981"/>
  <system-out/>
</testsuite> <!-- com.visualstory.testcases.TC_LoginTest_001 -->
